\BOOKMARK [0][]{chapter*.1}{\376\377\144\130\211\201}{}% 1
\BOOKMARK [0][]{ustctoc.0}{\376\377\166\356\137\125}{}% 2
\BOOKMARK [0][]{chapter.1}{\376\377\173\054\0001\172\340\000\040\000\040\173\200\116\313}{}% 3
\BOOKMARK [1][-]{section.1.1}{\376\377\0001\000.\0001\000\040\166\356\166\204}{chapter.1}% 4
\BOOKMARK [1][-]{section.1.2}{\376\377\0001\000.\0002\000\040\203\003\126\364}{chapter.1}% 5
\BOOKMARK [0][]{chapter.2}{\376\377\173\054\0002\172\340\000\040\000\040\140\073\117\123\151\202\217\360}{}% 6
\BOOKMARK [1][-]{section.2.1}{\376\377\0002\000.\0001\000\040\217\157\116\366\151\202\217\360}{chapter.2}% 7
\BOOKMARK [2][-]{subsection.2.1.1}{\376\377\0002\000.\0001\000.\0001\000\040\230\171\166\356\116\313\176\315}{section.2.1}% 8
\BOOKMARK [2][-]{subsection.2.1.2}{\376\377\0002\000.\0001\000.\0002\000\040\116\247\124\301\163\257\130\203\116\313\176\315}{section.2.1}% 9
\BOOKMARK [1][-]{section.2.2}{\376\377\0002\000.\0002\000\040\217\157\116\366\122\237\200\375}{chapter.2}% 10
\BOOKMARK [1][-]{section.2.3}{\376\377\0002\000.\0003\000\040\165\050\142\067\162\171\137\201}{chapter.2}% 11
\BOOKMARK [1][-]{section.2.4}{\376\377\0002\000.\0004\000\040\120\107\213\276\124\214\117\235\215\126\121\163\174\373}{chapter.2}% 12
\BOOKMARK [0][]{chapter.3}{\376\377\173\054\0003\172\340\000\040\000\040\121\167\117\123\227\000\154\102}{}% 13
\BOOKMARK [1][-]{section.3.1}{\376\377\0003\000.\0001\000\040\122\237\200\375\227\000\154\102}{chapter.3}% 14
\BOOKMARK [2][-]{subsection.3.1.1}{\376\377\0003\000.\0001\000.\0001\000\040\122\237\200\375\227\000\154\102\0001}{section.3.1}% 15
\BOOKMARK [1][-]{section.3.2}{\376\377\0003\000.\0002\000\040\140\047\200\375\227\000\154\102}{chapter.3}% 16
\BOOKMARK [2][-]{subsection.3.2.1}{\376\377\0003\000.\0002\000.\0001\000\040\140\047\200\375\227\000\154\102\0001}{section.3.2}% 17
\BOOKMARK [1][-]{section.3.3}{\376\377\0003\000.\0003\000\040\131\026\220\350\143\245\123\343\227\000\154\102}{chapter.3}% 18
\BOOKMARK [2][-]{subsection.3.3.1}{\376\377\0003\000.\0003\000.\0001\000\040\165\050\142\067\143\245\123\343}{section.3.3}% 19
\BOOKMARK [2][-]{subsection.3.3.2}{\376\377\0003\000.\0003\000.\0002\000\040\217\157\116\366\143\245\123\343}{section.3.3}% 20
\BOOKMARK [2][-]{subsection.3.3.3}{\376\377\0003\000.\0003\000.\0003\000\040\170\154\116\366\143\245\123\343}{section.3.3}% 21
\BOOKMARK [2][-]{subsection.3.3.4}{\376\377\0003\000.\0003\000.\0004\000\040\220\032\213\257\143\245\123\343}{section.3.3}% 22
\BOOKMARK [0][]{chapter.4}{\376\377\173\054\0004\172\340\000\040\000\040\140\073\117\123\213\276\213\241\176\246\147\137}{}% 23
\BOOKMARK [1][-]{section.4.1}{\376\377\0004\000.\0001\000\040\150\007\121\306\173\046\124\010\140\047}{chapter.4}% 24
\BOOKMARK [1][-]{section.4.2}{\376\377\0004\000.\0002\000\040\170\154\116\366\176\246\147\137}{chapter.4}% 25
\BOOKMARK [1][-]{section.4.3}{\376\377\0004\000.\0003\000\040\142\200\147\057\226\120\122\066}{chapter.4}% 26
\BOOKMARK [0][]{chapter.5}{\376\377\173\054\0005\172\340\000\040\000\040\217\157\116\366\215\050\221\317\162\171\140\047}{}% 27
\BOOKMARK [0][]{chapter.6}{\376\377\173\054\0006\172\340\000\040\000\040\121\166\116\326\227\000\154\102}{}% 28
\BOOKMARK [1][-]{section.6.1}{\376\377\0006\000.\0001\000\040\145\160\143\156\136\223}{chapter.6}% 29
\BOOKMARK [1][-]{section.6.2}{\376\377\0006\000.\0002\000\040\144\315\117\134}{chapter.6}% 30
\BOOKMARK [1][-]{section.6.3}{\376\377\0006\000.\0003\000\040\147\054\127\060\123\026}{chapter.6}% 31
\BOOKMARK [0][]{chapter.7}{\376\377\173\054\0007\172\340\000\040\000\040\117\235\215\126\121\163\174\373}{}% 32
\BOOKMARK [0][]{chapter.8}{\376\377\173\054\0008\172\340\000\040\000\040\227\000\154\102\122\006\176\247}{}% 33
\BOOKMARK [0][]{chapter.9}{\376\377\173\054\0009\172\340\000\040\000\040\137\205\170\156\133\232\225\356\230\230}{}% 34
\BOOKMARK [0][]{chapter.10}{\376\377\173\054\0001\0000\172\340\000\040\000\040\000L\000a\000t\000e\000x\117\177\165\050\117\213\133\120}{}% 35
\BOOKMARK [1][-]{section.10.1}{\376\377\0001\0000\000.\0001\000\040\126\376}{chapter.10}% 36
\BOOKMARK [2][-]{subsection.10.1.1}{\376\377\0001\0000\000.\0001\000.\0001\000\040\171\072\117\213}{section.10.1}% 37
\BOOKMARK [2][-]{subsection.10.1.2}{\376\377\0001\0000\000.\0001\000.\0002\000\040\136\046\126\376\154\350\166\204\126\376}{section.10.1}% 38
\BOOKMARK [1][-]{section.10.2}{\376\377\0001\0000\000.\0002\000\040\210\150\150\074}{chapter.10}% 39
\BOOKMARK [2][-]{subsection.10.2.1}{\376\377\0001\0000\000.\0002\000.\0001\000\040\000A\000\040\000S\000i\000m\000p\000l\000e\000\040\000T\000a\000b\000l\000e}{section.10.2}% 40
\BOOKMARK [2][-]{subsection.10.2.2}{\376\377\0001\0000\000.\0002\000.\0002\000\040\225\177\210\150\150\074}{section.10.2}% 41
\BOOKMARK [1][-]{section.10.3}{\376\377\0001\0000\000.\0003\000\040\173\227\154\325\163\257\130\203}{chapter.10}% 42
\BOOKMARK [1][-]{section.10.4}{\376\377\0001\0000\000.\0004\000\040\116\343\170\001\163\257\130\203}{chapter.10}% 43
\BOOKMARK [1][-]{section.10.5}{\376\377\0001\0000\000.\0005\000\040\137\025\165\050\145\207\163\056\150\007\154\350}{chapter.10}% 44
\BOOKMARK [2][-]{subsection.10.5.1}{\376\377\0001\0000\000.\0005\000.\0001\000\040\204\127\200\005\000-\121\372\162\110\136\164\122\066\150\007\154\350\154\325}{section.10.5}% 45
\BOOKMARK [2][-]{subsection.10.5.2}{\376\377\0001\0000\000.\0005\000.\0002\000\040\230\172\136\217\177\026\170\001\122\066\150\007\154\350\154\325}{section.10.5}% 46
\BOOKMARK [2][-]{subsection.10.5.3}{\376\377\0001\0000\000.\0005\000.\0003\000\040\121\166\116\326\137\142\137\017\166\204\150\007\154\350}{section.10.5}% 47
\BOOKMARK [0][]{appendix.A}{\376\377\226\104\137\125\000\040\000A\000\040\000\040\123\357\210\114\140\047\122\006\147\220\176\323\147\234}{}% 48
\BOOKMARK [0][]{appendix.B}{\376\377\226\104\137\125\000\040\000B\000\040\000\040\227\000\154\102\136\372\152\041\000\040}{}% 49
\BOOKMARK [1][-]{section.B.1}{\376\377\000B\000.\0001\000\040\145\160\143\156\155\101\126\376}{appendix.B}% 50
\BOOKMARK [2][-]{subsection.B.1.1}{\376\377\000B\000.\0001\000.\0001\000\040\230\166\134\102\145\160\143\156\155\101\126\376}{section.B.1}% 51
\BOOKMARK [2][-]{subsection.B.1.2}{\376\377\000B\000.\0001\000.\0002\000\040\134\102\145\160\143\156\155\101\126\376}{section.B.1}% 52
\BOOKMARK [2][-]{subsection.B.1.3}{\376\377\000B\000.\0001\000.\0003\000\040\134\102\145\160\143\156\155\101\126\376}{section.B.1}% 53
\BOOKMARK [1][-]{section.B.2}{\376\377\000B\000.\0002\000\040\145\160\143\156\133\127\121\170}{appendix.B}% 54
\BOOKMARK [2][-]{subsection.B.2.1}{\376\377\000B\000.\0002\000.\0001\000\040\145\160\143\156\155\101\213\364\146\016}{section.B.2}% 55
\BOOKMARK [2][-]{subsection.B.2.2}{\376\377\000B\000.\0002\000.\0002\000\040\145\160\143\156\133\130\120\250\213\364\146\016}{section.B.2}% 56
\BOOKMARK [2][-]{subsection.B.2.3}{\376\377\000B\000.\0002\000.\0003\000\040\122\240\135\345\213\364\146\016}{section.B.2}% 57
